2024-03-20 19:02:18,393 - INFO - TEST LOGGER
2024-03-20 19:02:18,393 - INFO - START SYSTEM
2024-03-20 19:02:48,136 - INFO - TEST LOGGER
2024-03-20 19:02:48,137 - INFO - START SYSTEM
2024-03-20 19:15:41,785 - INFO - START SYSTEM
2024-03-20 19:21:57,689 - INFO - START SYSTEM
2024-03-20 19:46:18,349 - INFO - START SYSTEM
2024-03-20 20:04:37,709 - INFO - START SYSTEM
2024-03-20 20:07:28,203 - INFO - START SYSTEM
2024-03-20 20:08:04,741 - INFO - START SYSTEM
2024-03-20 20:08:04,746 - INFO - [31m[1mWARNING: This is a development server. Do not use it in a production deployment. Use a production WSGI server instead.[0m
 * Running on http://127.0.0.1:5000
2024-03-20 20:08:04,746 - INFO - [33mPress CTRL+C to quit[0m
2024-03-20 20:08:04,747 - INFO -  * Restarting with stat
2024-03-20 20:08:04,846 - INFO - START SYSTEM
2024-03-20 20:08:04,849 - WARNING -  * Debugger is active!
2024-03-20 20:08:04,890 - INFO -  * Debugger PIN: 478-796-122
2024-03-20 20:08:53,232 - INFO -  * Detected change in '/home/michal/Desktop/otwiernie_bramy/opening-gate-system/adapters/inbound/controller.py', reloading
2024-03-20 20:08:53,247 - INFO -  * Restarting with stat
2024-03-20 20:08:53,348 - INFO - START SYSTEM
2024-03-20 20:08:53,351 - WARNING -  * Debugger is active!
2024-03-20 20:08:53,351 - INFO -  * Debugger PIN: 478-796-122
2024-03-20 20:08:55,176 - INFO - App service started
2024-03-20 20:08:55,207 - INFO - App service started
2024-03-20 20:08:56,243 - INFO - START SYSTEM
2024-03-20 20:08:56,246 - INFO - [31m[1mWARNING: This is a development server. Do not use it in a production deployment. Use a production WSGI server instead.[0m
 * Running on http://127.0.0.1:5000
2024-03-20 20:08:56,247 - INFO - [33mPress CTRL+C to quit[0m
2024-03-20 20:08:56,247 - INFO -  * Restarting with stat
2024-03-20 20:08:56,347 - INFO - START SYSTEM
2024-03-20 20:08:56,350 - WARNING -  * Debugger is active!
2024-03-20 20:08:56,350 - INFO -  * Debugger PIN: 478-796-122
2024-03-20 20:09:35,604 - INFO - App service started
2024-03-20 20:09:35,635 - INFO - App service started
2024-03-20 20:11:09,600 - INFO - START SYSTEM
2024-03-20 20:11:09,604 - INFO - [31m[1mWARNING: This is a development server. Do not use it in a production deployment. Use a production WSGI server instead.[0m
 * Running on http://127.0.0.1:5000
2024-03-20 20:11:09,604 - INFO - [33mPress CTRL+C to quit[0m
2024-03-20 20:11:09,604 - INFO -  * Restarting with stat
2024-03-20 20:11:09,704 - INFO - START SYSTEM
2024-03-20 20:11:09,706 - WARNING -  * Debugger is active!
2024-03-20 20:11:09,706 - INFO -  * Debugger PIN: 478-796-122
2024-03-20 20:11:35,282 - INFO - App service started
2024-03-20 20:11:35,314 - INFO - App service started
2024-03-20 20:14:29,873 - INFO - START SYSTEM
2024-03-20 20:14:29,877 - INFO - [31m[1mWARNING: This is a development server. Do not use it in a production deployment. Use a production WSGI server instead.[0m
 * Running on http://127.0.0.1:5000
2024-03-20 20:14:29,877 - INFO - [33mPress CTRL+C to quit[0m
2024-03-20 20:14:29,877 - INFO -  * Restarting with stat
2024-03-20 20:14:29,978 - INFO - START SYSTEM
2024-03-20 20:14:29,980 - WARNING -  * Debugger is active!
2024-03-20 20:14:29,981 - INFO -  * Debugger PIN: 478-796-122
2024-03-20 20:14:53,012 - INFO - App service started
2024-03-20 20:14:53,043 - INFO - App service started
2024-03-20 20:15:02,026 - INFO - START SYSTEM
2024-03-20 20:15:02,030 - INFO - [31m[1mWARNING: This is a development server. Do not use it in a production deployment. Use a production WSGI server instead.[0m
 * Running on http://127.0.0.1:5000
2024-03-20 20:15:02,030 - INFO - [33mPress CTRL+C to quit[0m
2024-03-20 20:15:02,030 - INFO -  * Restarting with stat
2024-03-20 20:15:02,130 - INFO - START SYSTEM
2024-03-20 20:15:02,132 - WARNING -  * Debugger is active!
2024-03-20 20:15:02,133 - INFO -  * Debugger PIN: 478-796-122
2024-03-20 20:15:03,835 - INFO - App service started
2024-03-20 20:15:03,866 - INFO - App service started
2024-03-20 20:16:11,370 - INFO - START SYSTEM
2024-03-20 20:16:11,374 - INFO - [31m[1mWARNING: This is a development server. Do not use it in a production deployment. Use a production WSGI server instead.[0m
 * Running on http://127.0.0.1:5000
2024-03-20 20:16:11,374 - INFO - [33mPress CTRL+C to quit[0m
2024-03-20 20:16:11,374 - INFO -  * Restarting with stat
2024-03-20 20:16:11,472 - INFO - START SYSTEM
2024-03-20 20:16:11,474 - WARNING -  * Debugger is active!
2024-03-20 20:16:11,475 - INFO -  * Debugger PIN: 478-796-122
2024-03-20 20:16:14,669 - INFO - App service started
2024-03-20 20:16:14,732 - INFO - App service started
2024-03-20 20:16:23,230 - INFO - START SYSTEM
2024-03-20 20:16:23,234 - INFO - [31m[1mWARNING: This is a development server. Do not use it in a production deployment. Use a production WSGI server instead.[0m
 * Running on http://127.0.0.1:5000
2024-03-20 20:16:23,234 - INFO - [33mPress CTRL+C to quit[0m
2024-03-20 20:16:23,235 - INFO -  * Restarting with stat
2024-03-20 20:16:23,334 - INFO - START SYSTEM
2024-03-20 20:16:23,336 - WARNING -  * Debugger is active!
2024-03-20 20:16:23,337 - INFO -  * Debugger PIN: 478-796-122
2024-03-20 20:16:34,285 - INFO - App service started
2024-03-20 20:16:34,317 - INFO - App service started
2024-03-20 20:16:38,910 - INFO - START SYSTEM
2024-03-20 20:16:38,914 - INFO - [31m[1mWARNING: This is a development server. Do not use it in a production deployment. Use a production WSGI server instead.[0m
 * Running on http://127.0.0.1:5000
2024-03-20 20:16:38,914 - INFO - [33mPress CTRL+C to quit[0m
2024-03-20 20:16:38,914 - INFO -  * Restarting with stat
2024-03-20 20:16:39,013 - INFO - START SYSTEM
2024-03-20 20:16:39,015 - WARNING -  * Debugger is active!
2024-03-20 20:16:39,015 - INFO -  * Debugger PIN: 478-796-122
2024-03-20 20:16:40,023 - INFO - App service started
2024-03-20 20:16:40,054 - INFO - App service started
2024-03-20 20:22:07,977 - INFO - START SYSTEM
2024-03-20 20:22:07,981 - INFO - [31m[1mWARNING: This is a development server. Do not use it in a production deployment. Use a production WSGI server instead.[0m
 * Running on http://127.0.0.1:5000
2024-03-20 20:22:07,981 - INFO - [33mPress CTRL+C to quit[0m
2024-03-20 20:22:18,132 - INFO - App service started
2024-03-20 20:23:26,815 - INFO - START SYSTEM
2024-03-20 20:23:26,816 - INFO - App service started
2024-03-20 20:23:26,819 - INFO - [31m[1mWARNING: This is a development server. Do not use it in a production deployment. Use a production WSGI server instead.[0m
 * Running on http://127.0.0.1:5000
2024-03-20 20:23:26,819 - INFO - [33mPress CTRL+C to quit[0m
2024-03-20 20:23:45,355 - INFO - START SYSTEM
2024-03-20 20:24:01,870 - INFO - START SYSTEM
2024-03-20 20:24:01,871 - INFO - App service started
2024-03-20 20:27:39,896 - INFO - START SYSTEM
2024-03-20 20:27:39,896 - INFO - App service started
2024-03-20 20:27:41,087 - INFO - [31m[1mWARNING: This is a development server. Do not use it in a production deployment. Use a production WSGI server instead.[0m
 * Running on http://127.0.0.1:5000
2024-03-20 20:27:41,098 - INFO - [33mPress CTRL+C to quit[0m
2024-03-20 20:27:53,868 - INFO - START SYSTEM
2024-03-20 20:27:53,869 - INFO - App service started
2024-03-20 20:27:55,090 - INFO - [31m[1mWARNING: This is a development server. Do not use it in a production deployment. Use a production WSGI server instead.[0m
 * Running on http://127.0.0.1:5000
2024-03-20 20:27:55,101 - INFO - [33mPress CTRL+C to quit[0m
2024-03-20 20:28:41,656 - INFO - 127.0.0.1 - - [20/Mar/2024 20:28:41] "[35m[1mGET /set HTTP/1.1[0m" 500 -
2024-03-20 20:29:32,037 - INFO - START SYSTEM
2024-03-20 20:29:32,037 - INFO - App service started
2024-03-20 20:29:33,294 - INFO - [31m[1mWARNING: This is a development server. Do not use it in a production deployment. Use a production WSGI server instead.[0m
 * Running on http://127.0.0.1:5000
2024-03-20 20:29:33,305 - INFO - [33mPress CTRL+C to quit[0m
2024-03-20 20:29:43,879 - INFO - 127.0.0.1 - - [20/Mar/2024 20:29:43] "GET /set HTTP/1.1" 200 -
2024-03-20 20:38:02,319 - INFO - START SYSTEM
2024-03-20 20:38:02,319 - INFO - App service started
2024-03-20 20:38:03,632 - INFO - [31m[1mWARNING: This is a development server. Do not use it in a production deployment. Use a production WSGI server instead.[0m
 * Running on http://127.0.0.1:5000
2024-03-20 20:38:03,642 - INFO - [33mPress CTRL+C to quit[0m
2024-03-20 20:38:08,201 - INFO - 127.0.0.1 - - [20/Mar/2024 20:38:08] "GET /set HTTP/1.1" 200 -
2024-03-20 20:39:03,197 - INFO - START SYSTEM
2024-03-20 20:39:03,197 - INFO - App service started
2024-03-20 20:39:04,383 - INFO - [31m[1mWARNING: This is a development server. Do not use it in a production deployment. Use a production WSGI server instead.[0m
 * Running on http://127.0.0.1:5000
2024-03-20 20:39:04,394 - INFO - [33mPress CTRL+C to quit[0m
2024-03-20 20:39:05,622 - INFO - 127.0.0.1 - - [20/Mar/2024 20:39:05] "GET /set HTTP/1.1" 200 -
2024-03-20 20:39:52,840 - INFO - START SYSTEM
2024-03-20 20:39:52,840 - INFO - App service started
2024-03-20 20:39:54,057 - INFO - [31m[1mWARNING: This is a development server. Do not use it in a production deployment. Use a production WSGI server instead.[0m
 * Running on http://127.0.0.1:5000
2024-03-20 20:39:54,067 - INFO - [33mPress CTRL+C to quit[0m
2024-03-20 20:39:57,663 - INFO - 127.0.0.1 - - [20/Mar/2024 20:39:57] "[31m[1mPOST /set HTTP/1.1[0m" 405 -
2024-03-20 20:40:09,481 - INFO - 127.0.0.1 - - [20/Mar/2024 20:40:09] "[35m[1mPUT /set HTTP/1.1[0m" 500 -
2024-03-20 20:40:31,314 - INFO - START SYSTEM
2024-03-20 20:40:31,314 - INFO - App service started
2024-03-20 20:40:44,340 - INFO - START SYSTEM
2024-03-20 20:40:44,341 - INFO - App service started
2024-03-20 20:40:57,908 - INFO - START SYSTEM
2024-03-20 20:40:57,909 - INFO - App service started
2024-03-20 20:40:59,131 - INFO - [31m[1mWARNING: This is a development server. Do not use it in a production deployment. Use a production WSGI server instead.[0m
 * Running on http://127.0.0.1:5000
2024-03-20 20:40:59,141 - INFO - [33mPress CTRL+C to quit[0m
2024-03-20 20:41:03,521 - INFO - 127.0.0.1 - - [20/Mar/2024 20:41:03] "[35m[1mPUT /set HTTP/1.1[0m" 500 -
2024-03-20 20:41:48,871 - INFO - START SYSTEM
2024-03-20 20:41:48,872 - INFO - App service started
2024-03-20 20:41:50,190 - INFO - [31m[1mWARNING: This is a development server. Do not use it in a production deployment. Use a production WSGI server instead.[0m
 * Running on http://127.0.0.1:5000
2024-03-20 20:41:50,200 - INFO - [33mPress CTRL+C to quit[0m
2024-03-20 20:41:52,506 - INFO - 127.0.0.1 - - [20/Mar/2024 20:41:52] "PUT /set HTTP/1.1" 200 -
2024-03-20 20:42:38,482 - INFO - 127.0.0.1 - - [20/Mar/2024 20:42:38] "GET /set HTTP/1.1" 200 -
2024-03-20 20:45:17,672 - INFO - START SYSTEM
2024-03-20 20:45:17,673 - INFO - App service started
2024-03-20 20:45:18,925 - INFO - [31m[1mWARNING: This is a development server. Do not use it in a production deployment. Use a production WSGI server instead.[0m
 * Running on http://127.0.0.1:5000
2024-03-20 20:45:18,935 - INFO - [33mPress CTRL+C to quit[0m
2024-03-20 20:45:21,891 - INFO - Save new plate list: ['ABC123', 'XYZ789', 'DEF456']
2024-03-20 20:45:21,902 - INFO - 127.0.0.1 - - [20/Mar/2024 20:45:21] "PUT /set HTTP/1.1" 200 -
2024-03-20 20:45:26,954 - INFO - Get plate list : []
2024-03-20 20:45:26,964 - INFO - 127.0.0.1 - - [20/Mar/2024 20:45:26] "GET /set HTTP/1.1" 200 -
2024-03-20 20:46:06,249 - INFO - START SYSTEM
2024-03-20 20:46:06,249 - INFO - App service started
2024-03-20 20:46:07,522 - INFO - [31m[1mWARNING: This is a development server. Do not use it in a production deployment. Use a production WSGI server instead.[0m
 * Running on http://127.0.0.1:5000
2024-03-20 20:46:07,532 - INFO - [33mPress CTRL+C to quit[0m
2024-03-20 20:46:10,086 - INFO - Save new plate list: ['ABC123', 'XYZ789', 'DEF456']
2024-03-20 20:46:10,097 - INFO - 127.0.0.1 - - [20/Mar/2024 20:46:10] "PUT /set HTTP/1.1" 200 -
2024-03-20 20:46:12,740 - INFO - Get plate list : ['ABC123', 'XYZ789', 'DEF456']
2024-03-20 20:46:12,750 - INFO - 127.0.0.1 - - [20/Mar/2024 20:46:12] "GET /set HTTP/1.1" 200 -
2024-03-20 20:46:32,046 - INFO - Save new plate list: ['XYZ789', 'DEF456']
2024-03-20 20:46:32,057 - INFO - 127.0.0.1 - - [20/Mar/2024 20:46:32] "PUT /set HTTP/1.1" 200 -
2024-03-20 20:46:34,564 - INFO - Get plate list : ['XYZ789', 'DEF456']
2024-03-20 20:46:34,575 - INFO - 127.0.0.1 - - [20/Mar/2024 20:46:34] "GET /set HTTP/1.1" 200 -
2024-03-29 22:33:47,319 - INFO - START SYSTEM
2024-03-29 22:33:47,320 - INFO - App service started
2024-03-29 22:33:47,423 - INFO - [31m[1mWARNING: This is a development server. Do not use it in a production deployment. Use a production WSGI server instead.[0m
 * Running on http://127.0.0.1:5000
2024-03-29 22:33:47,424 - INFO - [33mPress CTRL+C to quit[0m
2024-03-29 22:34:27,749 - INFO - START SYSTEM
2024-03-29 22:34:27,750 - INFO - App service started
2024-03-29 22:34:27,750 - INFO - Run car handler
2024-03-29 22:34:27,849 - INFO - [31m[1mWARNING: This is a development server. Do not use it in a production deployment. Use a production WSGI server instead.[0m
 * Running on http://127.0.0.1:5000
2024-03-29 22:34:27,849 - INFO - [33mPress CTRL+C to quit[0m
2024-03-29 22:35:03,648 - INFO - START SYSTEM
2024-03-29 22:35:03,649 - INFO - App service started
2024-03-29 22:35:03,649 - INFO - Run car handler
2024-03-29 22:35:26,439 - INFO - START SYSTEM
2024-03-29 22:35:26,440 - INFO - App service started
2024-03-29 22:35:26,440 - INFO - Run car handler
2024-03-29 22:35:26,440 - DEBUG - Start indor loop
2024-03-29 22:35:26,441 - DEBUG - Start outdoor loop
2024-03-29 22:35:47,026 - INFO - START SYSTEM
2024-03-29 22:35:47,027 - INFO - App service started
2024-03-29 22:35:47,027 - INFO - Run car handler
2024-03-29 22:35:47,028 - DEBUG - Start indor loop
2024-03-29 22:35:47,028 - DEBUG - Start outdoor loop
2024-03-29 22:35:47,032 - INFO - [31m[1mWARNING: This is a development server. Do not use it in a production deployment. Use a production WSGI server instead.[0m
 * Running on http://127.0.0.1:5000
2024-03-29 22:35:47,032 - INFO - [33mPress CTRL+C to quit[0m
2024-03-29 22:35:49,030 - DEBUG - End indor loop. Time 2.002065658569336 s 
2024-03-29 22:35:49,031 - DEBUG - Start indor loop
2024-03-29 22:35:50,032 - DEBUG - End outdoor loop. Time 3.00315523147583 s 
2024-03-29 22:35:50,032 - DEBUG - Start outdoor loop
2024-03-29 22:35:51,034 - DEBUG - End indor loop. Time 2.0017850399017334 s 
2024-03-29 22:35:51,034 - DEBUG - Start indor loop
2024-03-29 22:35:53,033 - DEBUG - End outdoor loop. Time 3.001006603240967 s 
2024-03-29 22:35:53,034 - DEBUG - Start outdoor loop
2024-03-29 22:35:53,036 - DEBUG - End indor loop. Time 2.0010509490966797 s 
2024-03-29 22:35:53,036 - DEBUG - Start indor loop
2024-03-29 22:35:55,038 - DEBUG - End indor loop. Time 2.0006103515625 s 
2024-03-29 22:35:55,038 - DEBUG - Start indor loop
2024-03-29 22:35:56,036 - DEBUG - End outdoor loop. Time 3.00158953666687 s 
2024-03-29 22:35:56,037 - DEBUG - Start outdoor loop
2024-03-29 22:35:57,040 - DEBUG - End indor loop. Time 2.001513957977295 s 
2024-03-29 22:35:57,041 - DEBUG - Start indor loop
2024-03-29 22:35:59,040 - DEBUG - End outdoor loop. Time 3.002906084060669 s 
2024-03-29 22:35:59,040 - DEBUG - Start outdoor loop
2024-03-29 22:35:59,043 - DEBUG - End indor loop. Time 2.0020525455474854 s 
2024-03-29 22:35:59,043 - DEBUG - Start indor loop
2024-03-29 22:36:01,044 - DEBUG - End indor loop. Time 2.0005943775177 s 
2024-03-29 22:36:01,045 - DEBUG - Start indor loop
